  Shader.cpp
e:\learnopengl\firstopengldemo\project1\shader.cpp(39): warning C4101: 'infoLog': unreferenced local variable
e:\learnopengl\firstopengldemo\project1\shader.cpp(38): warning C4101: 'success': unreferenced local variable
  Main.cpp
e:\learnopengl\firstopengldemo\project1\camera.h(2): warning C4099: 'GLFWwindow': type name first seen using 'struct' now seen using 'class'
  e:\learnopengl\libraries\includes\glfw\glfw3.h(789): note: see declaration of 'GLFWwindow'
e:\learnopengl\firstopengldemo\project1\main.cpp(16): warning C4305: 'initializing': truncation from 'double' to 'float'
e:\learnopengl\firstopengldemo\project1\main.cpp(167): warning C4305: '+=': truncation from 'double' to 'float'
e:\learnopengl\firstopengldemo\project1\main.cpp(173): warning C4305: '-=': truncation from 'double' to 'float'
e:\learnopengl\firstopengldemo\project1\main.cpp(294): warning C4244: 'argument': conversion from 'float' to 'int', possible loss of data
e:\learnopengl\firstopengldemo\project1\main.cpp(309): warning C4244: 'argument': conversion from 'float' to 'GLsizei', possible loss of data
e:\learnopengl\firstopengldemo\project1\main.cpp(359): warning C4244: 'initializing': conversion from 'double' to 'float', possible loss of data
e:\learnopengl\firstopengldemo\project1\main.cpp(350): warning C4101: 'cameraDirection': unreferenced local variable
  Camera.cpp
e:\learnopengl\firstopengldemo\project1\camera.h(2): warning C4099: 'GLFWwindow': type name first seen using 'struct' now seen using 'class'
  e:\learnopengl\libraries\includes\glfw\glfw3.h(789): note: see declaration of 'GLFWwindow'
e:\learnopengl\firstopengldemo\project1\camera.cpp(150): warning C4244: 'initializing': conversion from 'double' to 'float', possible loss of data
e:\learnopengl\firstopengldemo\project1\camera.cpp(151): warning C4244: 'initializing': conversion from 'double' to 'float', possible loss of data
e:\learnopengl\firstopengldemo\project1\camera.cpp(181): warning C4244: '-=': conversion from 'double' to 'float', possible loss of data
  Generating Code...
  Project1.vcxproj -> E:\LearnOpenGL\FirstOpenGLDemo\Debug\Project1.exe
  Project1.vcxproj -> E:\LearnOpenGL\FirstOpenGLDemo\Debug\Project1.pdb (Partial PDB)

Project Performance Summary:
     2501 ms  E:\LearnOpenGL\FirstOpenGLDemo\Project1\Project1.vcxproj   1 calls
               2501 ms  Build                                      1 calls

Target Performance Summary:
        0 ms  AfterBuildCompileEvent                     1 calls
        0 ms  ResolveReferences                          1 calls
        0 ms  SelectClCompile                            1 calls
        0 ms  GetCopyToOutputDirectoryXamlAppDefs        1 calls
        0 ms  _CheckForCompileOutputs                    1 calls
        0 ms  GetResolvedWinMD                           1 calls
        0 ms  _Manifest                                  1 calls
        0 ms  _SelectedFiles                             1 calls
        0 ms  _PrepareForBuild                           1 calls
        0 ms  _Midl                                      1 calls
        0 ms  ComputeManifestGeneratedLinkerInputs       1 calls
        0 ms  SelectCustomBuild                          1 calls
        0 ms  FixupCLCompileOptions                      1 calls
        0 ms  GetReferenceAssemblyPaths                  1 calls
        0 ms  ModifyUnitTestPlatformVersion              1 calls
        0 ms  CreateCustomManifestResourceNames          1 calls
        0 ms  ResolveAssemblyReferences                  1 calls
        0 ms  BeforeLink                                 1 calls
        0 ms  AfterBuild                                 1 calls
        0 ms  ComputeCLInputPDBName                      1 calls
        0 ms  ComputeManifestInputsTargets               1 calls
        0 ms  _ClCompile                                 1 calls
        0 ms  GetCopyToOutputDirectoryItems              1 calls
        0 ms  ComputeCLCompileGeneratedXDCFiles          1 calls
        0 ms  MakeDirsForCl                              1 calls
        0 ms  BuildGenerateSources                       1 calls
        0 ms  _CopySourceItemsToOutputDirectory          1 calls
        0 ms  ComputeLinkImportLibraryOutputsForClean    1 calls
        0 ms  AfterResourceCompile                       1 calls
        0 ms  _Xsd                                       1 calls
        0 ms  MakeDirsForBscMake                         1 calls
        0 ms  ComputeLinkSwitches                        1 calls
        0 ms  FinalizeBuildStatus                        1 calls
        0 ms  _GenerateSatelliteAssemblyInputs           1 calls
        0 ms  AfterBuildGenerateSources                  1 calls
        0 ms  MakeDirsForResourceCompile                 1 calls
        0 ms  ComputeLinkInputsFromProject               1 calls
        0 ms  _Link                                      1 calls
        0 ms  BuildLinkTraverse                          1 calls
        0 ms  ComputeRCOutputs                           1 calls
        0 ms  _XdcMake                                   1 calls
        0 ms  CreateSatelliteAssemblies                  1 calls
        0 ms  CopyFilesToOutputDirectory                 1 calls
        0 ms  ExpandSDKReferences                        1 calls
        0 ms  BuildCompileTraverse                       1 calls
        0 ms  _ResourceCompile                           1 calls
        0 ms  _BuildLinkAction                           1 calls
        0 ms  ComputeMIDLGeneratedCompileInputs          1 calls
        0 ms  AfterMidl                                  1 calls
        0 ms  BeforeClCompile                            1 calls
        0 ms  ComputeCLOutputs                           1 calls
        0 ms  AfterResolveReferences                     1 calls
        0 ms  BeforeResolveReferences                    1 calls
        0 ms  BeforeResourceCompile                      1 calls
        0 ms  ComputeReferenceCLInput                    1 calls
        0 ms  PrepareForRun                              1 calls
        0 ms  PreBuildEvent                              1 calls
        0 ms  AfterBuildGenerateSourcesEvent             1 calls
        0 ms  MakeDirsForMidl                            1 calls
        0 ms  ResolveProjectReferences                   1 calls
        0 ms  ComputeCLGeneratedLinkInputs               1 calls
        0 ms  _Appverifier                               1 calls
        0 ms  RegisterOutput                             1 calls
        0 ms  _BuildGenerateSourcesAction                1 calls
        0 ms  Desktop_PlatformPrepareForBuild            1 calls
        0 ms  BuildLink                                  1 calls
        0 ms  ComputeCLCompileGeneratedSbrFiles          1 calls
        0 ms  _BscMake                                   1 calls
        0 ms  ResolveSDKReferences                       1 calls
        0 ms  PrepareResourceNames                       1 calls
        0 ms  SplitResourcesByCulture                    1 calls
        0 ms  PreLinkEvent                               1 calls
        0 ms  _Deploy                                    1 calls
        0 ms  MakeDirsForLink                            1 calls
        0 ms  ComputeLegacyManifestEmbedding             1 calls
        0 ms  BeforeBuildGenerateSources                 1 calls
        0 ms  AfterClCompile                             1 calls
        0 ms  AfterLink                                  1 calls
        0 ms  ResolvedXDCMake                            1 calls
        0 ms  MakeDirsForXdcMake                         1 calls
        0 ms  BuildGenerateSourcesTraverse               1 calls
        0 ms  _BuildCompileAction                        1 calls
        0 ms  AssignProjectConfiguration                 1 calls
        0 ms  _SplitProjectReferencesByFileExistence     1 calls
        0 ms  BuildCompile                               1 calls
        0 ms  ComputeRCGeneratedLinkInputs               1 calls
        0 ms  PlatformPrepareForBuild                    1 calls
        0 ms  _ALink                                     1 calls
        1 ms  ComputeCustomBuildOutput                   1 calls
        1 ms  GetFrameworkPaths                          1 calls
        1 ms  AssignTargetPaths                          1 calls
        1 ms  _CheckForInvalidConfigurationAndPlatform   1 calls
        1 ms  DoLinkOutputFilesMatch                     1 calls
        1 ms  WarnCompileDuplicatedFilename              1 calls
        1 ms  PostBuildEvent                             1 calls
        1 ms  GetInstalledSDKLocations                   1 calls
        1 ms  SetBuildDefaultEnvironmentVariables        1 calls
        1 ms  PrepareForBuild                            1 calls
        1 ms  _PrepareForReferenceResolution             1 calls
        1 ms  Build                                      1 calls
        2 ms  InitializeBuildStatus                      1 calls
        4 ms  SetCABuildNativeEnvironmentVariables       1 calls
      289 ms  Link                                       1 calls
     2191 ms  ClCompile                                  1 calls
