  Checking Build System
  CMake does not need to re-run because E:/download/glfw-3.2.1/Build/CMakeFiles/generate.stamp is up-to-date.
  CMake does not need to re-run because E:/download/glfw-3.2.1/Build/src/CMakeFiles/generate.stamp is up-to-date.
  CMake does not need to re-run because E:/download/glfw-3.2.1/Build/examples/CMakeFiles/generate.stamp is up-to-date.
  CMake does not need to re-run because E:/download/glfw-3.2.1/Build/tests/CMakeFiles/generate.stamp is up-to-date.

Project Performance Summary:
      347 ms  E:\download\glfw-3.2.1\Build\ZERO_CHECK.vcxproj   1 calls
                347 ms  Build                                      1 calls

Target Performance Summary:
        0 ms  _BuildGenerateSourcesAction                1 calls
        0 ms  ResolveSDKReferences                       1 calls
        0 ms  Desktop_PlatformPrepareForBuild            1 calls
        0 ms  BuildGenerateSourcesTraverse               1 calls
        0 ms  _PrepareForBuild                           1 calls
        0 ms  _BuildCompileAction                        1 calls
        0 ms  BuildLinkTraverse                          1 calls
        0 ms  ComputeMIDLGeneratedCompileInputs          1 calls
        0 ms  _BuildLinkAction                           1 calls
        0 ms  BuildCompile                               1 calls
        0 ms  Build                                      1 calls
        0 ms  GetFrameworkPaths                          1 calls
        0 ms  ResolveAssemblyReferences                  1 calls
        0 ms  _Midl                                      1 calls
        0 ms  AfterResolveReferences                     1 calls
        0 ms  PlatformPrepareForBuild                    1 calls
        0 ms  AfterBuildGenerateSources                  1 calls
        0 ms  BuildCompileTraverse                       1 calls
        0 ms  BuildLink                                  1 calls
        0 ms  MakeDirsForMidl                            1 calls
        0 ms  BuildGenerateSources                       1 calls
        0 ms  ResolveReferences                          1 calls
        0 ms  GetInstalledSDKLocations                   1 calls
        0 ms  BeforeResolveReferences                    1 calls
        0 ms  PreBuildEvent                              1 calls
        0 ms  ModifyUnitTestPlatformVersion              1 calls
        0 ms  _SelectedFiles                             1 calls
        0 ms  AfterBuild                                 1 calls
        0 ms  ExpandSDKReferences                        1 calls
        0 ms  GetResolvedWinMD                           1 calls
        0 ms  BeforeBuildGenerateSources                 1 calls
        0 ms  GetReferenceAssemblyPaths                  1 calls
        0 ms  AfterBuildGenerateSourcesEvent             1 calls
        0 ms  _Xsd                                       1 calls
        0 ms  _PrepareForReferenceResolution             1 calls
        0 ms  ComputeCustomBuildOutput                   1 calls
        0 ms  _SplitProjectReferencesByFileExistence     1 calls
        0 ms  AfterMidl                                  1 calls
        0 ms  SelectCustomBuild                          1 calls
        1 ms  ResolveProjectReferences                   1 calls
        1 ms  FinalizeBuildStatus                        1 calls
        1 ms  AssignProjectConfiguration                 1 calls
        1 ms  PostBuildEvent                             1 calls
        3 ms  SetBuildDefaultEnvironmentVariables        1 calls
        3 ms  InitializeBuildStatus                      1 calls
        4 ms  PrepareForBuild                            1 calls
        8 ms  _CheckForInvalidConfigurationAndPlatform   1 calls
      157 ms  CustomBuild                                1 calls
      167 ms  SetCABuildNativeEnvironmentVariables       1 calls
