  Building Custom Rule E:/download/glfw-3.2.1/CMakeLists.txt
  CMake does not need to re-run because E:\download\glfw-3.2.1\Build\CMakeFiles\generate.stamp is up-to-date.

Project Performance Summary:
        0 ms  E:\download\glfw-3.2.1\Build\tests\gamma.vcxproj   2 calls
                  0 ms  GetTargetPath                              1 calls
                  0 ms  GetNativeManifest                          1 calls
        0 ms  E:\download\glfw-3.2.1\Build\tests\clipboard.vcxproj   2 calls
                  0 ms  GetTargetPath                              1 calls
                  0 ms  GetNativeManifest                          1 calls
        0 ms  E:\download\glfw-3.2.1\Build\examples\wave.vcxproj   2 calls
                  0 ms  GetTargetPath                              1 calls
                  0 ms  GetNativeManifest                          1 calls
        0 ms  E:\download\glfw-3.2.1\Build\tests\reopen.vcxproj   2 calls
                  0 ms  GetTargetPath                              1 calls
                  0 ms  GetNativeManifest                          1 calls
        0 ms  E:\download\glfw-3.2.1\Build\tests\iconify.vcxproj   2 calls
                  0 ms  GetTargetPath                              1 calls
                  0 ms  GetNativeManifest                          1 calls
        0 ms  E:\download\glfw-3.2.1\Build\tests\events.vcxproj   2 calls
                  0 ms  GetTargetPath                              1 calls
                  0 ms  GetNativeManifest                          1 calls
        0 ms  E:\download\glfw-3.2.1\Build\ZERO_CHECK.vcxproj   2 calls
                  0 ms  GetTargetPath                              1 calls
                  0 ms  GetNativeManifest                          1 calls
        0 ms  E:\download\glfw-3.2.1\Build\examples\splitview.vcxproj   2 calls
                  0 ms  GetTargetPath                              1 calls
                  0 ms  GetNativeManifest                          1 calls
        0 ms  E:\download\glfw-3.2.1\Build\tests\monitors.vcxproj   2 calls
                  0 ms  GetTargetPath                              1 calls
                  0 ms  GetNativeManifest                          1 calls
        0 ms  E:\download\glfw-3.2.1\Build\tests\threads.vcxproj   2 calls
                  0 ms  GetTargetPath                              1 calls
                  0 ms  GetNativeManifest                          1 calls
        0 ms  E:\download\glfw-3.2.1\Build\tests\title.vcxproj   2 calls
                  0 ms  GetTargetPath                              1 calls
                  0 ms  GetNativeManifest                          1 calls
        0 ms  E:\download\glfw-3.2.1\Build\tests\joysticks.vcxproj   2 calls
                  0 ms  GetTargetPath                              1 calls
                  0 ms  GetNativeManifest                          1 calls
        0 ms  E:\download\glfw-3.2.1\Build\tests\msaa.vcxproj   2 calls
                  0 ms  GetTargetPath                              1 calls
                  0 ms  GetNativeManifest                          1 calls
        0 ms  E:\download\glfw-3.2.1\Build\src\glfw.vcxproj   2 calls
                  0 ms  GetTargetPath                              1 calls
                  0 ms  GetNativeManifest                          1 calls
        1 ms  E:\download\glfw-3.2.1\Build\tests\windows.vcxproj   2 calls
                  0 ms  GetTargetPath                              1 calls
                  1 ms  GetNativeManifest                          1 calls
        1 ms  E:\download\glfw-3.2.1\Build\examples\gears.vcxproj   2 calls
                  0 ms  GetTargetPath                              1 calls
                  1 ms  GetNativeManifest                          1 calls
        1 ms  E:\download\glfw-3.2.1\Build\tests\sharing.vcxproj   2 calls
                  0 ms  GetTargetPath                              1 calls
                  1 ms  GetNativeManifest                          1 calls
        1 ms  E:\download\glfw-3.2.1\Build\examples\simple.vcxproj   2 calls
                  1 ms  GetTargetPath                              1 calls
                  0 ms  GetNativeManifest                          1 calls
        1 ms  E:\download\glfw-3.2.1\Build\tests\icon.vcxproj   2 calls
                  0 ms  GetTargetPath                              1 calls
                  1 ms  GetNativeManifest                          1 calls
        1 ms  E:\download\glfw-3.2.1\Build\tests\glfwinfo.vcxproj   2 calls
                  1 ms  GetTargetPath                              1 calls
                  0 ms  GetNativeManifest                          1 calls
        1 ms  E:\download\glfw-3.2.1\Build\examples\boing.vcxproj   2 calls
                  0 ms  GetTargetPath                              1 calls
                  1 ms  GetNativeManifest                          1 calls
        1 ms  E:\download\glfw-3.2.1\Build\tests\empty.vcxproj   2 calls
                  0 ms  GetTargetPath                              1 calls
                  1 ms  GetNativeManifest                          1 calls
        1 ms  E:\download\glfw-3.2.1\Build\examples\particles.vcxproj   2 calls
                  0 ms  GetTargetPath                              1 calls
                  1 ms  GetNativeManifest                          1 calls
        1 ms  E:\download\glfw-3.2.1\Build\tests\timeout.vcxproj   2 calls
                  0 ms  GetTargetPath                              1 calls
                  1 ms  GetNativeManifest                          1 calls
        2 ms  E:\download\glfw-3.2.1\Build\tests\tearing.vcxproj   2 calls
                  1 ms  GetTargetPath                              1 calls
                  1 ms  GetNativeManifest                          1 calls
        7 ms  E:\download\glfw-3.2.1\Build\examples\heightmap.vcxproj   2 calls
                  0 ms  GetTargetPath                              1 calls
                  7 ms  GetNativeManifest                          1 calls
        8 ms  E:\download\glfw-3.2.1\Build\tests\cursor.vcxproj   2 calls
                  0 ms  GetTargetPath                              1 calls
                  8 ms  GetNativeManifest                          1 calls
      231 ms  E:\download\glfw-3.2.1\Build\ALL_BUILD.vcxproj   1 calls
                231 ms  Build                                      1 calls

Target Performance Summary:
        0 ms  _BuildGenerateSourcesAction                1 calls
        0 ms  ResolveSDKReferences                       1 calls
        0 ms  ResolveReferences                          1 calls
        0 ms  BuildGenerateSourcesTraverse               1 calls
        0 ms  _PrepareForBuild                           1 calls
        0 ms  _BuildCompileAction                        1 calls
        0 ms  ComputeMIDLGeneratedCompileInputs          1 calls
        0 ms  _BuildLinkAction                           1 calls
        0 ms  PostBuildEvent                             1 calls
        0 ms  BuildCompile                               1 calls
        0 ms  Build                                      1 calls
        0 ms  GetFrameworkPaths                          1 calls
        0 ms  ResolveAssemblyReferences                  1 calls
        0 ms  _Midl                                      1 calls
        0 ms  AfterResolveReferences                     1 calls
        0 ms  PlatformPrepareForBuild                    1 calls
        0 ms  AfterBuildGenerateSources                  1 calls
        0 ms  BuildCompileTraverse                       1 calls
        0 ms  BuildLink                                  1 calls
        0 ms  MakeDirsForMidl                            1 calls
        0 ms  BuildGenerateSources                       1 calls
        0 ms  _CheckForInvalidConfigurationAndPlatform   1 calls
        0 ms  AfterBuildGenerateSourcesEvent             1 calls
        0 ms  BeforeResolveReferences                    1 calls
        0 ms  PreBuildEvent                              1 calls
        0 ms  ModifyUnitTestPlatformVersion              1 calls
        0 ms  _SelectedFiles                             1 calls
        0 ms  AfterBuild                                 1 calls
        0 ms  ExpandSDKReferences                        1 calls
        0 ms  GetResolvedWinMD                           1 calls
        0 ms  _RemoveNameMetadataFromProjectReferenceItems   1 calls
        0 ms  SetBuildDefaultEnvironmentVariables        1 calls
        0 ms  BeforeBuildGenerateSources                 1 calls
        0 ms  GetInstalledSDKLocations                   1 calls
        0 ms  _Xsd                                       1 calls
        0 ms  SelectCustomBuild                          1 calls
        0 ms  AfterMidl                                  1 calls
        0 ms  ComputeCustomBuildOutput                   1 calls
        0 ms  _PrepareForReferenceResolution             1 calls
        1 ms  GetTargetPath                             25 calls
        1 ms  _SplitProjectReferencesByFileExistence     1 calls
        1 ms  Desktop_PlatformPrepareForBuild            1 calls
        1 ms  InitializeBuildStatus                      1 calls
        1 ms  GetReferenceAssemblyPaths                  1 calls
        1 ms  BuildLinkTraverse                          1 calls
        1 ms  FinalizeBuildStatus                        1 calls
        2 ms  PrepareForBuild                            1 calls
        2 ms  AssignProjectConfiguration                 1 calls
        2 ms  SetCABuildNativeEnvironmentVariables       1 calls
        9 ms  GetNativeManifest                         25 calls
       92 ms  CustomBuild                                1 calls
      125 ms  ResolveProjectReferences                   1 calls
